{"@timestamp":"2017-08-11T06:24:44.620+00:00","severity":"INFO","service":"users","trace":"","span":"","parent":"","exportable":"","pid":"1100","thread":"main","class":"o.s.c.a.AnnotationConfigApplicationContext","rest":"Refreshing org.springframework.context.annotation.AnnotationConfigApplicationContext@928763c: startup date [Fri Aug 11 14:24:44 CST 2017]; root of context hierarchy"}
{"@timestamp":"2017-08-11T06:24:45.004+00:00","severity":"INFO","service":"users","trace":"","span":"","parent":"","exportable":"","pid":"1100","thread":"main","class":"o.s.b.f.a.AutowiredAnnotationBeanPostProcessor","rest":"JSR-330 'javax.inject.Inject' annotation found and supported for autowiring"}
{"@timestamp":"2017-08-11T06:24:45.033+00:00","severity":"INFO","service":"users","trace":"","span":"","parent":"","exportable":"","pid":"1100","thread":"main","class":"o.s.c.s.PostProcessorRegistrationDelegate$BeanPostProcessorChecker","rest":"Bean 'configurationPropertiesRebinderAutoConfiguration' of type [org.springframework.cloud.autoconfigure.ConfigurationPropertiesRebinderAutoConfiguration$$EnhancerBySpringCGLIB$$55f59c11] is not eligible for getting processed by all BeanPostProcessors (for example: not eligible for auto-proxying)"}
{"@timestamp":"2017-08-11T06:24:45.558+00:00","severity":"INFO","service":"users","trace":"","span":"","parent":"","exportable":"","pid":"1100","thread":"main","class":"o.s.c.netflix.eureka.InstanceInfoFactory","rest":"Setting initial instance status as: STARTING"}
{"@timestamp":"2017-08-11T06:24:45.642+00:00","severity":"INFO","service":"users","trace":"","span":"","parent":"","exportable":"","pid":"1100","thread":"main","class":"com.netflix.discovery.DiscoveryClient","rest":"Initializing Eureka in region us-east-1"}
{"@timestamp":"2017-08-11T06:24:45.933+00:00","severity":"INFO","service":"users","trace":"","span":"","parent":"","exportable":"","pid":"1100","thread":"main","class":"c.n.d.provider.DiscoveryJerseyProvider","rest":"Using JSON encoding codec LegacyJacksonJson"}
{"@timestamp":"2017-08-11T06:24:45.933+00:00","severity":"INFO","service":"users","trace":"","span":"","parent":"","exportable":"","pid":"1100","thread":"main","class":"c.n.d.provider.DiscoveryJerseyProvider","rest":"Using JSON decoding codec LegacyJacksonJson"}
{"@timestamp":"2017-08-11T06:24:46.049+00:00","severity":"INFO","service":"users","trace":"","span":"","parent":"","exportable":"","pid":"1100","thread":"main","class":"c.n.d.provider.DiscoveryJerseyProvider","rest":"Using XML encoding codec XStreamXml"}
{"@timestamp":"2017-08-11T06:24:46.050+00:00","severity":"INFO","service":"users","trace":"","span":"","parent":"","exportable":"","pid":"1100","thread":"main","class":"c.n.d.provider.DiscoveryJerseyProvider","rest":"Using XML decoding codec XStreamXml"}
{"@timestamp":"2017-08-11T06:24:46.254+00:00","severity":"INFO","service":"users","trace":"","span":"","parent":"","exportable":"","pid":"1100","thread":"main","class":"c.n.d.s.r.aws.ConfigClusterResolver","rest":"Resolving eureka endpoints via configuration"}
{"@timestamp":"2017-08-11T06:24:46.412+00:00","severity":"INFO","service":"users","trace":"","span":"","parent":"","exportable":"","pid":"1100","thread":"main","class":"com.netflix.discovery.DiscoveryClient","rest":"Disable delta property : false"}
{"@timestamp":"2017-08-11T06:24:46.412+00:00","severity":"INFO","service":"users","trace":"","span":"","parent":"","exportable":"","pid":"1100","thread":"main","class":"com.netflix.discovery.DiscoveryClient","rest":"Single vip registry refresh property : null"}
{"@timestamp":"2017-08-11T06:24:46.413+00:00","severity":"INFO","service":"users","trace":"","span":"","parent":"","exportable":"","pid":"1100","thread":"main","class":"com.netflix.discovery.DiscoveryClient","rest":"Force full registry fetch : false"}
{"@timestamp":"2017-08-11T06:24:46.413+00:00","severity":"INFO","service":"users","trace":"","span":"","parent":"","exportable":"","pid":"1100","thread":"main","class":"com.netflix.discovery.DiscoveryClient","rest":"Application is null : false"}
{"@timestamp":"2017-08-11T06:24:46.414+00:00","severity":"INFO","service":"users","trace":"","span":"","parent":"","exportable":"","pid":"1100","thread":"main","class":"com.netflix.discovery.DiscoveryClient","rest":"Registered Applications size is zero : true"}
{"@timestamp":"2017-08-11T06:24:46.414+00:00","severity":"INFO","service":"users","trace":"","span":"","parent":"","exportable":"","pid":"1100","thread":"main","class":"com.netflix.discovery.DiscoveryClient","rest":"Application version is -1: true"}
{"@timestamp":"2017-08-11T06:24:46.414+00:00","severity":"INFO","service":"users","trace":"","span":"","parent":"","exportable":"","pid":"1100","thread":"main","class":"com.netflix.discovery.DiscoveryClient","rest":"Getting all instance registry info from the eureka server"}
{"@timestamp":"2017-08-11T06:24:46.423+00:00","severity":"ERROR","service":"users","trace":"","span":"","parent":"","exportable":"","pid":"1100","thread":"main","class":"c.n.d.s.t.d.RedirectingEurekaHttpClient","rest":"Request execution error"}
{"@timestamp":"2017-08-11T06:24:46.424+00:00","severity":"WARN","service":"users","trace":"","span":"","parent":"","exportable":"","pid":"1100","thread":"main","class":"c.n.d.s.t.d.RetryableEurekaHttpClient","rest":"Request execution failed with message: Illegal character in authority at index 7: http://${EUREKA_SERVER_ADDRESS}:1111/eureka/"}
{"@timestamp":"2017-08-11T06:24:46.425+00:00","severity":"ERROR","service":"users","trace":"","span":"","parent":"","exportable":"","pid":"1100","thread":"main","class":"com.netflix.discovery.DiscoveryClient","rest":"DiscoveryClient_USERS/DESKTOP-C4M9DI8:users - was unable to refresh its cache! status = Cannot execute request on any known server"}
{"@timestamp":"2017-08-11T06:24:46.426+00:00","severity":"WARN","service":"users","trace":"","span":"","parent":"","exportable":"","pid":"1100","thread":"main","class":"com.netflix.discovery.DiscoveryClient","rest":"Using default backup registry implementation which does not do anything."}
{"@timestamp":"2017-08-11T06:24:46.428+00:00","severity":"INFO","service":"users","trace":"","span":"","parent":"","exportable":"","pid":"1100","thread":"main","class":"com.netflix.discovery.DiscoveryClient","rest":"Not registering with Eureka server per configuration"}
{"@timestamp":"2017-08-11T06:24:46.432+00:00","severity":"INFO","service":"users","trace":"","span":"","parent":"","exportable":"","pid":"1100","thread":"main","class":"com.netflix.discovery.DiscoveryClient","rest":"Discovery Client initialized at timestamp 1502432686432 with initial instances count: 0"}
{"@timestamp":"2017-08-11T06:24:46.594+00:00","severity":"WARN","service":"users","trace":"","span":"","parent":"","exportable":"","pid":"1100","thread":"main","class":"o.s.c.c.c.DiscoveryClientConfigServiceBootstrapConfiguration","rest":"Could not locate configserver via discovery"}
{"@timestamp":"2017-08-11T06:24:46.845+00:00","severity":"WARN","service":"users","trace":"","span":"","parent":"","exportable":"","pid":"1100","thread":"main","class":"o.springframework.boot.SpringApplication","rest":"Error handling failed (ApplicationEventMulticaster not initialized - call 'refresh' before multicasting events via the context: org.springframework.boot.context.embedded.AnnotationConfigEmbeddedWebApplicationContext@2dc3271b: startup date [Thu Jan 01 08:00:00 CST 1970]; parent: org.springframework.context.annotation.AnnotationConfigApplicationContext@928763c)"}
{"@timestamp":"2017-08-11T06:24:46.849+00:00","severity":"ERROR","service":"users","trace":"","span":"","parent":"","exportable":"","pid":"1100","thread":"main","class":"o.springframework.boot.SpringApplication","rest":"Application startup failed"}
